<?xml version="1.0" encoding="UTF-8"?>
<testng-results ignored="0" total="2" passed="2" failed="0" skipped="0">
  <reporter-output>
  </reporter-output>
  <suite started-at="2021-12-08T16:19:39 IST" name="Suite" finished-at="2021-12-08T16:19:45 IST" duration-ms="6433">
    <groups>
      <group name="cucumber">
        <method signature="AbstractTestNGCucumberTests.runScenario(io.cucumber.testng.PickleWrapper,io.cucumber.testng.FeatureWrapper)[pri:0, instance:Runner.RunnerForStepDef1@29215f06]" name="runScenario" class="io.cucumber.testng.AbstractTestNGCucumberTests"/>
      </group> <!-- cucumber -->
    </groups>
    <test started-at="2021-12-08T16:19:39 IST" name="Test" finished-at="2021-12-08T16:19:45 IST" duration-ms="6433">
      <class name="Runner.RunnerForStepDef1">
        <test-method is-config="true" signature="setUpClass(org.testng.ITestContext)[pri:0, instance:Runner.RunnerForStepDef1@29215f06]" started-at="2021-12-08T16:19:39 IST" name="setUpClass" finished-at="2021-12-08T16:19:40 IST" duration-ms="1371" status="PASS">
          <params>
            <param index="0">
              <value>
                <![CDATA[org.testng.TestRunner@1f84327b]]>
              </value>
            </param>
          </params>
          <reporter-output>
          </reporter-output>
        </test-method> <!-- setUpClass -->
        <test-method signature="runScenario(io.cucumber.testng.PickleWrapper,io.cucumber.testng.FeatureWrapper)[pri:0, instance:Runner.RunnerForStepDef1@29215f06]" started-at="2021-12-08T16:19:40 IST" name="runScenario" description="Runs Cucumber Scenarios" data-provider="scenarios" finished-at="2021-12-08T16:19:45 IST" duration-ms="4612" status="PASS">
          <params>
            <param index="0">
              <value>
                <![CDATA["Get All posts"]]>
              </value>
            </param>
            <param index="1">
              <value>
                <![CDATA["Optional[Get all employee details]"]]>
              </value>
            </param>
          </params>
          <reporter-output>
          </reporter-output>
        </test-method> <!-- runScenario -->
        <test-method signature="runScenario(io.cucumber.testng.PickleWrapper,io.cucumber.testng.FeatureWrapper)[pri:0, instance:Runner.RunnerForStepDef1@29215f06]" started-at="2021-12-08T16:19:45 IST" name="runScenario" description="Runs Cucumber Scenarios" data-provider="scenarios" finished-at="2021-12-08T16:19:45 IST" duration-ms="257" status="PASS">
          <params>
            <param index="0">
              <value>
                <![CDATA["Get specific post"]]>
              </value>
            </param>
            <param index="1">
              <value>
                <![CDATA["Optional[Get all employee details]"]]>
              </value>
            </param>
          </params>
          <reporter-output>
          </reporter-output>
        </test-method> <!-- runScenario -->
        <test-method is-config="true" signature="tearDownClass()[pri:0, instance:Runner.RunnerForStepDef1@29215f06]" started-at="2021-12-08T16:19:45 IST" name="tearDownClass" finished-at="2021-12-08T16:19:45 IST" duration-ms="88" status="PASS">
          <reporter-output>
          </reporter-output>
        </test-method> <!-- tearDownClass -->
      </class> <!-- Runner.RunnerForStepDef1 -->
    </test> <!-- Test -->
  </suite> <!-- Suite -->
</testng-results>
